<?xml version="1.0" encoding="UTF-8"?>
<!-- Generated by org.testng.reporters.JUnitXMLReporter -->
<testsuite hostname="MSI" ignored="0" name="Chrome tests" tests="3" failures="1" timestamp="2020-03-24T22:02:31 EDT" time="22.123" errors="0">
  <testcase name="verifyCheckAllButton" time="0.469" classname="io.duotech.tests.AllOrdersTests"/>
  <testcase name="verifyMessageAfterDeleteAll" time="0.842" classname="io.duotech.tests.AllOrdersTests">
    <failure type="java.lang.AssertionError" message="The following asserts failed:
	Title is not correct did not expect to find [true] but found [false],
	Welcome message was wrong did not expect to find [true] but found [false]">
      <![CDATA[java.lang.AssertionError: The following asserts failed:
Title is not correct did not expect to find [true] but found [false],
Welcome message was wrong did not expect to find [true] but found [false]
at io.duotech.tests.AllOrdersTests.verifyMessageAfterDeleteAll(AllOrdersTests.java:97)
at java.util.ArrayList.forEach(Unknown Source)
... Removed 29 stack frames]]>
    </failure>
  </testcase> <!-- verifyMessageAfterDeleteAll -->
  <testcase name="verifyUncheckAllButton" time="0.378" classname="io.duotech.tests.AllOrdersTests"/>
</testsuite> <!-- Chrome tests -->
