<?xml version="1.0" encoding="UTF-8"?>
<!-- Generated by org.testng.reporters.JUnitXMLReporter -->
<testsuite hostname="MSI" ignored="0" name="Firefox Headless tests" tests="3" failures="1" timestamp="2020-03-24T21:58:39 EDT" time="18.689" errors="0">
  <testcase name="verifyCheckAllButton" time="1.758" classname="io.duotech.tests.AllOrdersTests"/>
  <testcase name="verifyMessageAfterDeleteAll" time="0.7" classname="io.duotech.tests.AllOrdersTests">
    <failure type="java.lang.AssertionError" message="The following asserts failed:
	Title is not correct did not expect to find [true] but found [false],
	Welcome message was wrong did not expect to find [true] but found [false]">
      <![CDATA[java.lang.AssertionError: The following asserts failed:
Title is not correct did not expect to find [true] but found [false],
Welcome message was wrong did not expect to find [true] but found [false]
at io.duotech.tests.AllOrdersTests.verifyMessageAfterDeleteAll(AllOrdersTests.java:97)
at java.util.ArrayList.forEach(Unknown Source)
... Removed 29 stack frames]]>
    </failure>
  </testcase> <!-- verifyMessageAfterDeleteAll -->
  <testcase name="verifyUncheckAllButton" time="0.209" classname="io.duotech.tests.AllOrdersTests"/>
</testsuite> <!-- Firefox Headless tests -->
