<?xml version="1.0" encoding="UTF-8"?>
<testng-results skipped="0" failed="1" ignored="0" total="10" passed="9">
  <reporter-output>
  </reporter-output>
  <suite name="Suite" duration-ms="31067" started-at="2020-03-26T19:28:49 EDT" finished-at="2020-03-26T19:29:20 EDT">
    <groups>
    </groups>
    <test name="All Tests" duration-ms="31067" started-at="2020-03-26T19:28:49 EDT" finished-at="2020-03-26T19:29:20 EDT">
      <class name="io.duotech.tests.AllOrdersTests">
        <test-method status="PASS" signature="setUp()[pri:0, instance:io.duotech.tests.AllOrdersTests@2473b9ce]" name="setUp" is-config="true" duration-ms="7494" started-at="2020-03-26T19:28:49 EDT" finished-at="2020-03-26T19:28:57 EDT">
          <reporter-output>
          </reporter-output>
        </test-method> <!-- setUp -->
        <test-method status="PASS" signature="setUpTest()[pri:0, instance:io.duotech.tests.AllOrdersTests@2473b9ce]" name="setUpTest" is-config="true" duration-ms="1083" started-at="2020-03-26T19:28:57 EDT" finished-at="2020-03-26T19:28:58 EDT">
          <reporter-output>
          </reporter-output>
        </test-method> <!-- setUpTest -->
        <test-method status="PASS" signature="verifyCheckAllButton()[pri:0, instance:io.duotech.tests.AllOrdersTests@2473b9ce]" name="verifyCheckAllButton" duration-ms="1110" started-at="2020-03-26T19:28:58 EDT" finished-at="2020-03-26T19:28:59 EDT">
          <reporter-output>
          </reporter-output>
        </test-method> <!-- verifyCheckAllButton -->
        <test-method status="PASS" signature="tearDown()[pri:0, instance:io.duotech.tests.AllOrdersTests@2473b9ce]" name="tearDown" is-config="true" duration-ms="687" started-at="2020-03-26T19:28:59 EDT" finished-at="2020-03-26T19:28:59 EDT">
          <reporter-output>
          </reporter-output>
        </test-method> <!-- tearDown -->
        <test-method status="PASS" signature="setUp()[pri:0, instance:io.duotech.tests.AllOrdersTests@2473b9ce]" name="setUp" is-config="true" duration-ms="6056" started-at="2020-03-26T19:28:59 EDT" finished-at="2020-03-26T19:29:05 EDT">
          <reporter-output>
          </reporter-output>
        </test-method> <!-- setUp -->
        <test-method status="PASS" signature="setUpTest()[pri:0, instance:io.duotech.tests.AllOrdersTests@2473b9ce]" name="setUpTest" is-config="true" duration-ms="772" started-at="2020-03-26T19:29:05 EDT" finished-at="2020-03-26T19:29:06 EDT">
          <reporter-output>
          </reporter-output>
        </test-method> <!-- setUpTest -->
        <test-method status="FAIL" signature="verifyMessageAfterDeleteAll()[pri:0, instance:io.duotech.tests.AllOrdersTests@2473b9ce]" name="verifyMessageAfterDeleteAll" duration-ms="1512" started-at="2020-03-26T19:29:06 EDT" finished-at="2020-03-26T19:29:08 EDT">
          <exception class="java.lang.AssertionError">
            <message>
              <![CDATA[The following asserts failed:
Title is not correct did not expect to find [true] but found [false],
Welcome message was wrong did not expect to find [true] but found [false]]]>
            </message>
            <full-stacktrace>
              <![CDATA[java.lang.AssertionError: The following asserts failed:
Title is not correct did not expect to find [true] but found [false],
Welcome message was wrong did not expect to find [true] but found [false]
at org.testng.asserts.SoftAssert.assertAll(SoftAssert.java:47)
at org.testng.asserts.SoftAssert.assertAll(SoftAssert.java:31)
at io.duotech.tests.AllOrdersTests.verifyMessageAfterDeleteAll(AllOrdersTests.java:97)
at sun.reflect.NativeMethodAccessorImpl.invoke0(Native Method)
at sun.reflect.NativeMethodAccessorImpl.invoke(Unknown Source)
at sun.reflect.DelegatingMethodAccessorImpl.invoke(Unknown Source)
at java.lang.reflect.Method.invoke(Unknown Source)
at org.testng.internal.MethodInvocationHelper.invokeMethod(MethodInvocationHelper.java:133)
at org.testng.internal.TestInvoker.invokeMethod(TestInvoker.java:584)
at org.testng.internal.TestInvoker.invokeTestMethod(TestInvoker.java:172)
at org.testng.internal.MethodRunner.runInSequence(MethodRunner.java:46)
at org.testng.internal.TestInvoker$MethodInvocationAgent.invoke(TestInvoker.java:804)
at org.testng.internal.TestInvoker.invokeTestMethods(TestInvoker.java:145)
at org.testng.internal.TestMethodWorker.invokeTestMethods(TestMethodWorker.java:146)
at org.testng.internal.TestMethodWorker.run(TestMethodWorker.java:128)
at java.util.concurrent.ThreadPoolExecutor.runWorker(Unknown Source)
at java.util.concurrent.ThreadPoolExecutor$Worker.run(Unknown Source)
at java.lang.Thread.run(Unknown Source)
]]>
            </full-stacktrace>
          </exception> <!-- java.lang.AssertionError -->
          <reporter-output>
          </reporter-output>
        </test-method> <!-- verifyMessageAfterDeleteAll -->
        <test-method status="PASS" signature="tearDown()[pri:0, instance:io.duotech.tests.AllOrdersTests@2473b9ce]" name="tearDown" is-config="true" duration-ms="1174" started-at="2020-03-26T19:29:08 EDT" finished-at="2020-03-26T19:29:09 EDT">
          <reporter-output>
          </reporter-output>
        </test-method> <!-- tearDown -->
        <test-method status="PASS" signature="setUp()[pri:0, instance:io.duotech.tests.AllOrdersTests@2473b9ce]" name="setUp" is-config="true" duration-ms="5649" started-at="2020-03-26T19:29:09 EDT" finished-at="2020-03-26T19:29:15 EDT">
          <reporter-output>
          </reporter-output>
        </test-method> <!-- setUp -->
        <test-method status="PASS" signature="setUpTest()[pri:0, instance:io.duotech.tests.AllOrdersTests@2473b9ce]" name="setUpTest" is-config="true" duration-ms="1123" started-at="2020-03-26T19:29:15 EDT" finished-at="2020-03-26T19:29:16 EDT">
          <reporter-output>
          </reporter-output>
        </test-method> <!-- setUpTest -->
        <test-method status="PASS" signature="verifyUncheckAllButton()[pri:0, instance:io.duotech.tests.AllOrdersTests@2473b9ce]" name="verifyUncheckAllButton" duration-ms="595" started-at="2020-03-26T19:29:16 EDT" finished-at="2020-03-26T19:29:16 EDT">
          <reporter-output>
          </reporter-output>
        </test-method> <!-- verifyUncheckAllButton -->
        <test-method status="PASS" signature="tearDown()[pri:0, instance:io.duotech.tests.AllOrdersTests@2473b9ce]" name="tearDown" is-config="true" duration-ms="789" started-at="2020-03-26T19:29:16 EDT" finished-at="2020-03-26T19:29:17 EDT">
          <reporter-output>
          </reporter-output>
        </test-method> <!-- tearDown -->
      </class> <!-- io.duotech.tests.AllOrdersTests -->
      <class name="io.duotech.tests.OrderTests">
        <test-method status="PASS" signature="setUp()[pri:0, instance:io.duotech.tests.OrderTests@60438a68]" name="setUp" is-config="true" duration-ms="7198" started-at="2020-03-26T19:28:49 EDT" finished-at="2020-03-26T19:28:56 EDT">
          <reporter-output>
          </reporter-output>
        </test-method> <!-- setUp -->
        <test-method status="PASS" signature="loginAndGoToOrderPage()[pri:0, instance:io.duotech.tests.OrderTests@60438a68]" name="loginAndGoToOrderPage" is-config="true" duration-ms="1658" started-at="2020-03-26T19:28:56 EDT" finished-at="2020-03-26T19:28:58 EDT">
          <reporter-output>
          </reporter-output>
        </test-method> <!-- loginAndGoToOrderPage -->
        <test-method status="PASS" signature="verifyQuantityErrorMessage()[pri:0, instance:io.duotech.tests.OrderTests@60438a68]" name="verifyQuantityErrorMessage" duration-ms="270" started-at="2020-03-26T19:28:58 EDT" finished-at="2020-03-26T19:28:58 EDT">
          <reporter-output>
          </reporter-output>
        </test-method> <!-- verifyQuantityErrorMessage -->
        <test-method status="PASS" signature="tearDown()[pri:0, instance:io.duotech.tests.OrderTests@60438a68]" name="tearDown" is-config="true" duration-ms="788" started-at="2020-03-26T19:28:58 EDT" finished-at="2020-03-26T19:28:59 EDT">
          <reporter-output>
          </reporter-output>
        </test-method> <!-- tearDown -->
        <test-method status="PASS" signature="setUp()[pri:0, instance:io.duotech.tests.OrderTests@60438a68]" name="setUp" is-config="true" duration-ms="5995" started-at="2020-03-26T19:28:59 EDT" finished-at="2020-03-26T19:29:05 EDT">
          <reporter-output>
          </reporter-output>
        </test-method> <!-- setUp -->
        <test-method status="PASS" signature="loginAndGoToOrderPage()[pri:0, instance:io.duotech.tests.OrderTests@60438a68]" name="loginAndGoToOrderPage" is-config="true" duration-ms="1359" started-at="2020-03-26T19:29:05 EDT" finished-at="2020-03-26T19:29:06 EDT">
          <reporter-output>
          </reporter-output>
        </test-method> <!-- loginAndGoToOrderPage -->
        <test-method status="PASS" signature="verifyQuantityErrorMessage2()[pri:0, instance:io.duotech.tests.OrderTests@60438a68]" name="verifyQuantityErrorMessage2" duration-ms="230" started-at="2020-03-26T19:29:06 EDT" finished-at="2020-03-26T19:29:07 EDT">
          <reporter-output>
          </reporter-output>
        </test-method> <!-- verifyQuantityErrorMessage2 -->
        <test-method status="PASS" signature="tearDown()[pri:0, instance:io.duotech.tests.OrderTests@60438a68]" name="tearDown" is-config="true" duration-ms="949" started-at="2020-03-26T19:29:07 EDT" finished-at="2020-03-26T19:29:07 EDT">
          <reporter-output>
          </reporter-output>
        </test-method> <!-- tearDown -->
        <test-method status="PASS" signature="setUp()[pri:0, instance:io.duotech.tests.OrderTests@60438a68]" name="setUp" is-config="true" duration-ms="5638" started-at="2020-03-26T19:29:07 EDT" finished-at="2020-03-26T19:29:13 EDT">
          <reporter-output>
          </reporter-output>
        </test-method> <!-- setUp -->
        <test-method status="PASS" signature="loginAndGoToOrderPage()[pri:0, instance:io.duotech.tests.OrderTests@60438a68]" name="loginAndGoToOrderPage" is-config="true" duration-ms="867" started-at="2020-03-26T19:29:13 EDT" finished-at="2020-03-26T19:29:14 EDT">
          <reporter-output>
          </reporter-output>
        </test-method> <!-- loginAndGoToOrderPage -->
        <test-method status="PASS" signature="verifyQuantityErrorMessage3()[pri:0, instance:io.duotech.tests.OrderTests@60438a68]" name="verifyQuantityErrorMessage3" duration-ms="138" started-at="2020-03-26T19:29:14 EDT" finished-at="2020-03-26T19:29:14 EDT">
          <reporter-output>
          </reporter-output>
        </test-method> <!-- verifyQuantityErrorMessage3 -->
        <test-method status="PASS" signature="tearDown()[pri:0, instance:io.duotech.tests.OrderTests@60438a68]" name="tearDown" is-config="true" duration-ms="992" started-at="2020-03-26T19:29:14 EDT" finished-at="2020-03-26T19:29:15 EDT">
          <reporter-output>
          </reporter-output>
        </test-method> <!-- tearDown -->
      </class> <!-- io.duotech.tests.OrderTests -->
      <class name="io.duotech.tests.LoginTest">
        <test-method status="PASS" signature="setUp()[pri:0, instance:io.duotech.tests.LoginTest@50de0926]" name="setUp" is-config="true" duration-ms="7503" started-at="2020-03-26T19:28:49 EDT" finished-at="2020-03-26T19:28:57 EDT">
          <reporter-output>
          </reporter-output>
        </test-method> <!-- setUp -->
        <test-method status="PASS" signature="login()[pri:0, instance:io.duotech.tests.LoginTest@50de0926]" name="login" duration-ms="1083" started-at="2020-03-26T19:28:57 EDT" finished-at="2020-03-26T19:28:58 EDT">
          <reporter-output>
          </reporter-output>
        </test-method> <!-- login -->
        <test-method status="PASS" signature="tearDown()[pri:0, instance:io.duotech.tests.LoginTest@50de0926]" name="tearDown" is-config="true" duration-ms="991" started-at="2020-03-26T19:28:58 EDT" finished-at="2020-03-26T19:28:59 EDT">
          <reporter-output>
          </reporter-output>
        </test-method> <!-- tearDown -->
        <test-method status="PASS" signature="setUp()[pri:0, instance:io.duotech.tests.LoginTest@50de0926]" name="setUp" is-config="true" duration-ms="5518" started-at="2020-03-26T19:28:59 EDT" finished-at="2020-03-26T19:29:04 EDT">
          <reporter-output>
          </reporter-output>
        </test-method> <!-- setUp -->
        <test-method status="PASS" signature="loginPOMPattern()[pri:0, instance:io.duotech.tests.LoginTest@50de0926]" name="loginPOMPattern" duration-ms="694" started-at="2020-03-26T19:29:04 EDT" finished-at="2020-03-26T19:29:05 EDT">
          <reporter-output>
          </reporter-output>
        </test-method> <!-- loginPOMPattern -->
        <test-method status="PASS" signature="tearDown()[pri:0, instance:io.duotech.tests.LoginTest@50de0926]" name="tearDown" is-config="true" duration-ms="932" started-at="2020-03-26T19:29:05 EDT" finished-at="2020-03-26T19:29:06 EDT">
          <reporter-output>
          </reporter-output>
        </test-method> <!-- tearDown -->
        <test-method status="PASS" signature="setUp()[pri:0, instance:io.duotech.tests.LoginTest@50de0926]" name="setUp" is-config="true" duration-ms="5950" started-at="2020-03-26T19:29:06 EDT" finished-at="2020-03-26T19:29:12 EDT">
          <reporter-output>
          </reporter-output>
        </test-method> <!-- setUp -->
        <test-method status="PASS" signature="loginPOMPatternNegative()[pri:0, instance:io.duotech.tests.LoginTest@50de0926]" name="loginPOMPatternNegative" duration-ms="416" started-at="2020-03-26T19:29:12 EDT" finished-at="2020-03-26T19:29:12 EDT">
          <reporter-output>
          </reporter-output>
        </test-method> <!-- loginPOMPatternNegative -->
        <test-method status="PASS" signature="tearDown()[pri:0, instance:io.duotech.tests.LoginTest@50de0926]" name="tearDown" is-config="true" duration-ms="1176" started-at="2020-03-26T19:29:12 EDT" finished-at="2020-03-26T19:29:13 EDT">
          <reporter-output>
          </reporter-output>
        </test-method> <!-- tearDown -->
        <test-method status="PASS" signature="setUp()[pri:0, instance:io.duotech.tests.LoginTest@50de0926]" name="setUp" is-config="true" duration-ms="5966" started-at="2020-03-26T19:29:13 EDT" finished-at="2020-03-26T19:29:19 EDT">
          <reporter-output>
          </reporter-output>
        </test-method> <!-- setUp -->
        <test-method status="PASS" signature="testRun()[pri:0, instance:io.duotech.tests.LoginTest@50de0926]" name="testRun" duration-ms="3" started-at="2020-03-26T19:29:19 EDT" finished-at="2020-03-26T19:29:19 EDT">
          <reporter-output>
          </reporter-output>
        </test-method> <!-- testRun -->
        <test-method status="PASS" signature="tearDown()[pri:0, instance:io.duotech.tests.LoginTest@50de0926]" name="tearDown" is-config="true" duration-ms="747" started-at="2020-03-26T19:29:19 EDT" finished-at="2020-03-26T19:29:20 EDT">
          <reporter-output>
          </reporter-output>
        </test-method> <!-- tearDown -->
      </class> <!-- io.duotech.tests.LoginTest -->
    </test> <!-- All Tests -->
  </suite> <!-- Suite -->
</testng-results>
